  Quelle.c
C:\Users\Tertius\Desktop\Programmier_Methoden_Projekt\Indigo-Plateau\Hangman\Hangman.h(45,23): warning C4013: "time" undefiniert; Annahme: extern mit Rückgabetyp int
C:\Users\Tertius\Desktop\Programmier_Methoden_Projekt\Indigo-Plateau\Hangman\Hangman.h(46,15): warning C4244: "Funktion": Konvertierung von "time_t" in "unsigned int", möglicher Datenverlust
C:\Users\Tertius\Desktop\Programmier_Methoden_Projekt\Indigo-Plateau\Hangman\Quelle.c(47,61): warning C4554: "&": Überprüfen Sie die Operatorrangfolge auf mögliche Fehler. Verwenden Sie Klammern, um die Rangfolge zu verdeutlichen.
C:\Users\Tertius\Desktop\Programmier_Methoden_Projekt\Indigo-Plateau\Hangman\Quelle.c(52,64): warning C4554: "&": Überprüfen Sie die Operatorrangfolge auf mögliche Fehler. Verwenden Sie Klammern, um die Rangfolge zu verdeutlichen.
C:\Users\Tertius\Desktop\Programmier_Methoden_Projekt\Indigo-Plateau\Hangman\Quelle.c(57,57): warning C4554: "&": Überprüfen Sie die Operatorrangfolge auf mögliche Fehler. Verwenden Sie Klammern, um die Rangfolge zu verdeutlichen.
C:\Users\Tertius\Desktop\Programmier_Methoden_Projekt\Indigo-Plateau\Hangman\Quelle.c(62,59): warning C4554: "&": Überprüfen Sie die Operatorrangfolge auf mögliche Fehler. Verwenden Sie Klammern, um die Rangfolge zu verdeutlichen.
C:\Users\Tertius\Desktop\Programmier_Methoden_Projekt\Indigo-Plateau\Hangman\Quelle.c(67,64): warning C4554: "&": Überprüfen Sie die Operatorrangfolge auf mögliche Fehler. Verwenden Sie Klammern, um die Rangfolge zu verdeutlichen.
C:\Users\Tertius\Desktop\Programmier_Methoden_Projekt\Indigo-Plateau\Hangman\Quelle.c(72,66): warning C4554: "&": Überprüfen Sie die Operatorrangfolge auf mögliche Fehler. Verwenden Sie Klammern, um die Rangfolge zu verdeutlichen.
C:\Users\Tertius\Desktop\Programmier_Methoden_Projekt\Indigo-Plateau\Hangman\Quelle.c(80,56): warning C4554: "&": Überprüfen Sie die Operatorrangfolge auf mögliche Fehler. Verwenden Sie Klammern, um die Rangfolge zu verdeutlichen.
C:\Users\Tertius\Desktop\Programmier_Methoden_Projekt\Indigo-Plateau\Hangman\Quelle.c(85,62): warning C4554: "&": Überprüfen Sie die Operatorrangfolge auf mögliche Fehler. Verwenden Sie Klammern, um die Rangfolge zu verdeutlichen.
C:\Users\Tertius\Desktop\Programmier_Methoden_Projekt\Indigo-Plateau\Hangman\Quelle.c(90,66): warning C4554: "&": Überprüfen Sie die Operatorrangfolge auf mögliche Fehler. Verwenden Sie Klammern, um die Rangfolge zu verdeutlichen.
C:\Users\Tertius\Desktop\Programmier_Methoden_Projekt\Indigo-Plateau\Hangman\Quelle.c(95,68): warning C4554: "&": Überprüfen Sie die Operatorrangfolge auf mögliche Fehler. Verwenden Sie Klammern, um die Rangfolge zu verdeutlichen.
C:\Users\Tertius\Desktop\Programmier_Methoden_Projekt\Indigo-Plateau\Hangman\Quelle.c(100,60): warning C4554: "&": Überprüfen Sie die Operatorrangfolge auf mögliche Fehler. Verwenden Sie Klammern, um die Rangfolge zu verdeutlichen.
C:\Users\Tertius\Desktop\Programmier_Methoden_Projekt\Indigo-Plateau\Hangman\Quelle.c(105,58): warning C4554: "&": Überprüfen Sie die Operatorrangfolge auf mögliche Fehler. Verwenden Sie Klammern, um die Rangfolge zu verdeutlichen.
C:\Users\Tertius\Desktop\Programmier_Methoden_Projekt\Indigo-Plateau\Hangman\Quelle.c(110,60): warning C4554: "&": Überprüfen Sie die Operatorrangfolge auf mögliche Fehler. Verwenden Sie Klammern, um die Rangfolge zu verdeutlichen.
C:\Users\Tertius\Desktop\Programmier_Methoden_Projekt\Indigo-Plateau\Hangman\Quelle.c(115,55): warning C4554: "&": Überprüfen Sie die Operatorrangfolge auf mögliche Fehler. Verwenden Sie Klammern, um die Rangfolge zu verdeutlichen.
C:\Users\Tertius\Desktop\Programmier_Methoden_Projekt\Indigo-Plateau\Hangman\Quelle.c(120,61): warning C4554: "&": Überprüfen Sie die Operatorrangfolge auf mögliche Fehler. Verwenden Sie Klammern, um die Rangfolge zu verdeutlichen.
C:\Users\Tertius\Desktop\Programmier_Methoden_Projekt\Indigo-Plateau\Hangman\Quelle.c(125,53): warning C4554: "&": Überprüfen Sie die Operatorrangfolge auf mögliche Fehler. Verwenden Sie Klammern, um die Rangfolge zu verdeutlichen.
C:\Users\Tertius\Desktop\Programmier_Methoden_Projekt\Indigo-Plateau\Hangman\Quelle.c(132,52): warning C4554: "&": Überprüfen Sie die Operatorrangfolge auf mögliche Fehler. Verwenden Sie Klammern, um die Rangfolge zu verdeutlichen.
C:\Users\Tertius\Desktop\Programmier_Methoden_Projekt\Indigo-Plateau\Hangman\Quelle.c(387,24): warning C4129: "`": nicht erkannte Folge von Escapesequenz
C:\Users\Tertius\Desktop\Programmier_Methoden_Projekt\Indigo-Plateau\Hangman\Quelle.c(387,24): warning C4129: "/": nicht erkannte Folge von Escapesequenz
C:\Users\Tertius\Desktop\Programmier_Methoden_Projekt\Indigo-Plateau\Hangman\Quelle.c(457,63): warning C4554: "&": Überprüfen Sie die Operatorrangfolge auf mögliche Fehler. Verwenden Sie Klammern, um die Rangfolge zu verdeutlichen.
C:\Users\Tertius\Desktop\Programmier_Methoden_Projekt\Indigo-Plateau\Hangman\Quelle.c(687,55): warning C4554: "&": Überprüfen Sie die Operatorrangfolge auf mögliche Fehler. Verwenden Sie Klammern, um die Rangfolge zu verdeutlichen.
C:\Users\Tertius\Desktop\Programmier_Methoden_Projekt\Indigo-Plateau\Hangman\Quelle.c(914,59): warning C4554: "&": Überprüfen Sie die Operatorrangfolge auf mögliche Fehler. Verwenden Sie Klammern, um die Rangfolge zu verdeutlichen.
C:\Users\Tertius\Desktop\Programmier_Methoden_Projekt\Indigo-Plateau\Hangman\Quelle.c(919,65): warning C4554: "&": Überprüfen Sie die Operatorrangfolge auf mögliche Fehler. Verwenden Sie Klammern, um die Rangfolge zu verdeutlichen.
C:\Users\Tertius\Desktop\Programmier_Methoden_Projekt\Indigo-Plateau\Hangman\Quelle.c(924,57): warning C4554: "&": Überprüfen Sie die Operatorrangfolge auf mögliche Fehler. Verwenden Sie Klammern, um die Rangfolge zu verdeutlichen.
C:\Users\Tertius\Desktop\Programmier_Methoden_Projekt\Indigo-Plateau\Hangman\Quelle.c(933,49): warning C4554: "&": Überprüfen Sie die Operatorrangfolge auf mögliche Fehler. Verwenden Sie Klammern, um die Rangfolge zu verdeutlichen.
C:\Users\Tertius\Desktop\Programmier_Methoden_Projekt\Indigo-Plateau\Hangman\Quelle.c(938,52): warning C4554: "&": Überprüfen Sie die Operatorrangfolge auf mögliche Fehler. Verwenden Sie Klammern, um die Rangfolge zu verdeutlichen.
  LINK : C:\Users\Tertius\Desktop\Programmier_Methoden_Projekt\Indigo-Plateau\Hangman\Debug\Hangman.exe wurde nicht gefunden oder beim letzten inkrementellen Linkvorgang nicht erstellt; vollständiger Link wird durchgeführt.
  Hangman.vcxproj -> C:\Users\Tertius\Desktop\Programmier_Methoden_Projekt\Indigo-Plateau\Hangman\Debug\Hangman.exe
