  Quelle.c
C:\Users\thorb\Desktop\Indigo-Plateau\Hangman\Hangman.h(58,23): warning C4013: "time" undefiniert; Annahme: extern mit Rückgabetyp int
C:\Users\thorb\Desktop\Indigo-Plateau\Hangman\Hangman.h(59,15): warning C4244: "Funktion": Konvertierung von "time_t" in "unsigned int", möglicher Datenverlust
C:\Users\thorb\Desktop\Indigo-Plateau\Hangman\Quelle.c(35,61): warning C4554: "&": Überprüfen Sie die Operatorrangfolge auf mögliche Fehler. Verwenden Sie Klammern, um die Rangfolge zu verdeutlichen.
C:\Users\thorb\Desktop\Indigo-Plateau\Hangman\Quelle.c(40,64): warning C4554: "&": Überprüfen Sie die Operatorrangfolge auf mögliche Fehler. Verwenden Sie Klammern, um die Rangfolge zu verdeutlichen.
C:\Users\thorb\Desktop\Indigo-Plateau\Hangman\Quelle.c(45,57): warning C4554: "&": Überprüfen Sie die Operatorrangfolge auf mögliche Fehler. Verwenden Sie Klammern, um die Rangfolge zu verdeutlichen.
C:\Users\thorb\Desktop\Indigo-Plateau\Hangman\Quelle.c(50,59): warning C4554: "&": Überprüfen Sie die Operatorrangfolge auf mögliche Fehler. Verwenden Sie Klammern, um die Rangfolge zu verdeutlichen.
C:\Users\thorb\Desktop\Indigo-Plateau\Hangman\Quelle.c(55,64): warning C4554: "&": Überprüfen Sie die Operatorrangfolge auf mögliche Fehler. Verwenden Sie Klammern, um die Rangfolge zu verdeutlichen.
C:\Users\thorb\Desktop\Indigo-Plateau\Hangman\Quelle.c(60,66): warning C4554: "&": Überprüfen Sie die Operatorrangfolge auf mögliche Fehler. Verwenden Sie Klammern, um die Rangfolge zu verdeutlichen.
C:\Users\thorb\Desktop\Indigo-Plateau\Hangman\Quelle.c(68,56): warning C4554: "&": Überprüfen Sie die Operatorrangfolge auf mögliche Fehler. Verwenden Sie Klammern, um die Rangfolge zu verdeutlichen.
C:\Users\thorb\Desktop\Indigo-Plateau\Hangman\Quelle.c(73,62): warning C4554: "&": Überprüfen Sie die Operatorrangfolge auf mögliche Fehler. Verwenden Sie Klammern, um die Rangfolge zu verdeutlichen.
C:\Users\thorb\Desktop\Indigo-Plateau\Hangman\Quelle.c(78,66): warning C4554: "&": Überprüfen Sie die Operatorrangfolge auf mögliche Fehler. Verwenden Sie Klammern, um die Rangfolge zu verdeutlichen.
C:\Users\thorb\Desktop\Indigo-Plateau\Hangman\Quelle.c(83,68): warning C4554: "&": Überprüfen Sie die Operatorrangfolge auf mögliche Fehler. Verwenden Sie Klammern, um die Rangfolge zu verdeutlichen.
C:\Users\thorb\Desktop\Indigo-Plateau\Hangman\Quelle.c(88,60): warning C4554: "&": Überprüfen Sie die Operatorrangfolge auf mögliche Fehler. Verwenden Sie Klammern, um die Rangfolge zu verdeutlichen.
C:\Users\thorb\Desktop\Indigo-Plateau\Hangman\Quelle.c(93,58): warning C4554: "&": Überprüfen Sie die Operatorrangfolge auf mögliche Fehler. Verwenden Sie Klammern, um die Rangfolge zu verdeutlichen.
C:\Users\thorb\Desktop\Indigo-Plateau\Hangman\Quelle.c(98,60): warning C4554: "&": Überprüfen Sie die Operatorrangfolge auf mögliche Fehler. Verwenden Sie Klammern, um die Rangfolge zu verdeutlichen.
C:\Users\thorb\Desktop\Indigo-Plateau\Hangman\Quelle.c(103,55): warning C4554: "&": Überprüfen Sie die Operatorrangfolge auf mögliche Fehler. Verwenden Sie Klammern, um die Rangfolge zu verdeutlichen.
C:\Users\thorb\Desktop\Indigo-Plateau\Hangman\Quelle.c(108,61): warning C4554: "&": Überprüfen Sie die Operatorrangfolge auf mögliche Fehler. Verwenden Sie Klammern, um die Rangfolge zu verdeutlichen.
C:\Users\thorb\Desktop\Indigo-Plateau\Hangman\Quelle.c(113,53): warning C4554: "&": Überprüfen Sie die Operatorrangfolge auf mögliche Fehler. Verwenden Sie Klammern, um die Rangfolge zu verdeutlichen.
C:\Users\thorb\Desktop\Indigo-Plateau\Hangman\Quelle.c(121,52): warning C4554: "&": Überprüfen Sie die Operatorrangfolge auf mögliche Fehler. Verwenden Sie Klammern, um die Rangfolge zu verdeutlichen.
C:\Users\thorb\Desktop\Indigo-Plateau\Hangman\Quelle.c(376,24): warning C4129: "`": nicht erkannte Folge von Escapesequenz
C:\Users\thorb\Desktop\Indigo-Plateau\Hangman\Quelle.c(376,24): warning C4129: "/": nicht erkannte Folge von Escapesequenz
C:\Users\thorb\Desktop\Indigo-Plateau\Hangman\Quelle.c(448,63): warning C4554: "&": Überprüfen Sie die Operatorrangfolge auf mögliche Fehler. Verwenden Sie Klammern, um die Rangfolge zu verdeutlichen.
C:\Users\thorb\Desktop\Indigo-Plateau\Hangman\Quelle.c(680,55): warning C4554: "&": Überprüfen Sie die Operatorrangfolge auf mögliche Fehler. Verwenden Sie Klammern, um die Rangfolge zu verdeutlichen.
C:\Users\thorb\Desktop\Indigo-Plateau\Hangman\Quelle.c(907,59): warning C4554: "&": Überprüfen Sie die Operatorrangfolge auf mögliche Fehler. Verwenden Sie Klammern, um die Rangfolge zu verdeutlichen.
C:\Users\thorb\Desktop\Indigo-Plateau\Hangman\Quelle.c(912,65): warning C4554: "&": Überprüfen Sie die Operatorrangfolge auf mögliche Fehler. Verwenden Sie Klammern, um die Rangfolge zu verdeutlichen.
C:\Users\thorb\Desktop\Indigo-Plateau\Hangman\Quelle.c(917,57): warning C4554: "&": Überprüfen Sie die Operatorrangfolge auf mögliche Fehler. Verwenden Sie Klammern, um die Rangfolge zu verdeutlichen.
C:\Users\thorb\Desktop\Indigo-Plateau\Hangman\Quelle.c(926,49): warning C4554: "&": Überprüfen Sie die Operatorrangfolge auf mögliche Fehler. Verwenden Sie Klammern, um die Rangfolge zu verdeutlichen.
C:\Users\thorb\Desktop\Indigo-Plateau\Hangman\Quelle.c(931,52): warning C4554: "&": Überprüfen Sie die Operatorrangfolge auf mögliche Fehler. Verwenden Sie Klammern, um die Rangfolge zu verdeutlichen.
C:\Users\thorb\Desktop\Indigo-Plateau\Hangman\Quelle.c(127,1): warning C4267: "Initialisierung": Konvertierung von "size_t" nach "int", Datenverlust möglich
C:\Users\thorb\Desktop\Indigo-Plateau\Hangman\Quelle.c(454,1): warning C4267: "Initialisierung": Konvertierung von "size_t" nach "int", Datenverlust möglich
C:\Users\thorb\Desktop\Indigo-Plateau\Hangman\Quelle.c(686,1): warning C4267: "Initialisierung": Konvertierung von "size_t" nach "int", Datenverlust möglich
  Hangman.vcxproj -> C:\Users\thorb\Desktop\Indigo-Plateau\Hangman\x64\Debug\Hangman.exe
