  Quelle.c
C:\Users\Tertius\Desktop\Programmier_Methoden_Projekt\Indigo-Plateau\Hangman\Quelle.c(30,61): warning C4554: "&": Überprüfen Sie die Operatorrangfolge auf mögliche Fehler. Verwenden Sie Klammern, um die Rangfolge zu verdeutlichen.
C:\Users\Tertius\Desktop\Programmier_Methoden_Projekt\Indigo-Plateau\Hangman\Quelle.c(35,64): warning C4554: "&": Überprüfen Sie die Operatorrangfolge auf mögliche Fehler. Verwenden Sie Klammern, um die Rangfolge zu verdeutlichen.
C:\Users\Tertius\Desktop\Programmier_Methoden_Projekt\Indigo-Plateau\Hangman\Quelle.c(40,57): warning C4554: "&": Überprüfen Sie die Operatorrangfolge auf mögliche Fehler. Verwenden Sie Klammern, um die Rangfolge zu verdeutlichen.
C:\Users\Tertius\Desktop\Programmier_Methoden_Projekt\Indigo-Plateau\Hangman\Quelle.c(45,59): warning C4554: "&": Überprüfen Sie die Operatorrangfolge auf mögliche Fehler. Verwenden Sie Klammern, um die Rangfolge zu verdeutlichen.
C:\Users\Tertius\Desktop\Programmier_Methoden_Projekt\Indigo-Plateau\Hangman\Quelle.c(50,64): warning C4554: "&": Überprüfen Sie die Operatorrangfolge auf mögliche Fehler. Verwenden Sie Klammern, um die Rangfolge zu verdeutlichen.
C:\Users\Tertius\Desktop\Programmier_Methoden_Projekt\Indigo-Plateau\Hangman\Quelle.c(55,66): warning C4554: "&": Überprüfen Sie die Operatorrangfolge auf mögliche Fehler. Verwenden Sie Klammern, um die Rangfolge zu verdeutlichen.
C:\Users\Tertius\Desktop\Programmier_Methoden_Projekt\Indigo-Plateau\Hangman\Quelle.c(63,56): warning C4554: "&": Überprüfen Sie die Operatorrangfolge auf mögliche Fehler. Verwenden Sie Klammern, um die Rangfolge zu verdeutlichen.
C:\Users\Tertius\Desktop\Programmier_Methoden_Projekt\Indigo-Plateau\Hangman\Quelle.c(68,62): warning C4554: "&": Überprüfen Sie die Operatorrangfolge auf mögliche Fehler. Verwenden Sie Klammern, um die Rangfolge zu verdeutlichen.
C:\Users\Tertius\Desktop\Programmier_Methoden_Projekt\Indigo-Plateau\Hangman\Quelle.c(73,66): warning C4554: "&": Überprüfen Sie die Operatorrangfolge auf mögliche Fehler. Verwenden Sie Klammern, um die Rangfolge zu verdeutlichen.
C:\Users\Tertius\Desktop\Programmier_Methoden_Projekt\Indigo-Plateau\Hangman\Quelle.c(78,68): warning C4554: "&": Überprüfen Sie die Operatorrangfolge auf mögliche Fehler. Verwenden Sie Klammern, um die Rangfolge zu verdeutlichen.
C:\Users\Tertius\Desktop\Programmier_Methoden_Projekt\Indigo-Plateau\Hangman\Quelle.c(83,60): warning C4554: "&": Überprüfen Sie die Operatorrangfolge auf mögliche Fehler. Verwenden Sie Klammern, um die Rangfolge zu verdeutlichen.
C:\Users\Tertius\Desktop\Programmier_Methoden_Projekt\Indigo-Plateau\Hangman\Quelle.c(88,58): warning C4554: "&": Überprüfen Sie die Operatorrangfolge auf mögliche Fehler. Verwenden Sie Klammern, um die Rangfolge zu verdeutlichen.
C:\Users\Tertius\Desktop\Programmier_Methoden_Projekt\Indigo-Plateau\Hangman\Quelle.c(93,60): warning C4554: "&": Überprüfen Sie die Operatorrangfolge auf mögliche Fehler. Verwenden Sie Klammern, um die Rangfolge zu verdeutlichen.
C:\Users\Tertius\Desktop\Programmier_Methoden_Projekt\Indigo-Plateau\Hangman\Quelle.c(98,55): warning C4554: "&": Überprüfen Sie die Operatorrangfolge auf mögliche Fehler. Verwenden Sie Klammern, um die Rangfolge zu verdeutlichen.
C:\Users\Tertius\Desktop\Programmier_Methoden_Projekt\Indigo-Plateau\Hangman\Quelle.c(103,61): warning C4554: "&": Überprüfen Sie die Operatorrangfolge auf mögliche Fehler. Verwenden Sie Klammern, um die Rangfolge zu verdeutlichen.
C:\Users\Tertius\Desktop\Programmier_Methoden_Projekt\Indigo-Plateau\Hangman\Quelle.c(108,53): warning C4554: "&": Überprüfen Sie die Operatorrangfolge auf mögliche Fehler. Verwenden Sie Klammern, um die Rangfolge zu verdeutlichen.
C:\Users\Tertius\Desktop\Programmier_Methoden_Projekt\Indigo-Plateau\Hangman\Quelle.c(117,49): warning C4554: "&": Überprüfen Sie die Operatorrangfolge auf mögliche Fehler. Verwenden Sie Klammern, um die Rangfolge zu verdeutlichen.
C:\Users\Tertius\Desktop\Programmier_Methoden_Projekt\Indigo-Plateau\Hangman\Quelle.c(122,52): warning C4554: "&": Überprüfen Sie die Operatorrangfolge auf mögliche Fehler. Verwenden Sie Klammern, um die Rangfolge zu verdeutlichen.
C:\Users\Tertius\Desktop\Programmier_Methoden_Projekt\Indigo-Plateau\Hangman\Quelle.c(129,56): warning C4554: "&": Überprüfen Sie die Operatorrangfolge auf mögliche Fehler. Verwenden Sie Klammern, um die Rangfolge zu verdeutlichen.
  Code wird generiert.
  1 of 13 functions ( 7.7%) were compiled, the rest were copied from previous compilation.
    0 functions were new in current compilation
    0 functions had inline decision re-evaluated but remain unchanged
  Codegenerierung ist abgeschlossen.
  Hangman.vcxproj -> C:\Users\Tertius\Desktop\Programmier_Methoden_Projekt\Indigo-Plateau\Hangman\x64\Release\Hangman.exe
